<?xml version="1.0" encoding="UTF-8"?>
<!-- Generated by org.testng.reporters.JUnitXMLReporter -->
<testsuite hostname="MSI-PC" ignored="0" name="Internet Banking App Test on Chrome" tests="4" failures="0" timestamp="23 Feb 2019 22:26:41 GMT" time="71.855" errors="0">
  <testcase name="test_001_Login" time="7.87" classname="com.inetBanking.testCases.TC_001_LoginTest"/>
  <testcase name="test_002_SecondLogin" time="1.384" classname="com.inetBanking.testCases.TC_001_LoginTest"/>
  <testcase name="addCustomerTest" time="8.409" classname="com.inetBanking.testCases.TC_003_AddCustomerTest"/>
  <testcase name="addCustomerTest" time="22.486" classname="com.inetBanking.testCases.TC_004_AddCustomerDDT"/>
</testsuite> <!-- Internet Banking App Test on Chrome -->
