<?xml version="1.0" encoding="UTF-8"?>
<!-- Generated by org.testng.reporters.JUnitXMLReporter -->
<testsuite hostname="MSI-PC" ignored="0" name="Internet Banking App Test on Chrome" tests="4" failures="0" timestamp="25 Feb 2019 19:59:50 GMT" time="33.537" errors="0">
  <testcase name="test_001_Login" time="1.585" classname="com.inetBanking.testCases.TC_001_LoginTest"/>
  <testcase name="test_002_SecondLogin" time="1.327" classname="com.inetBanking.testCases.TC_001_LoginTest"/>
  <testcase name="addCustomerTest" time="2.948" classname="com.inetBanking.testCases.TC_003_AddCustomerTest"/>
  <testcase name="addCustomerDDT" time="9.176" classname="com.inetBanking.testCases.TC_004_AddCustomerDDT"/>
</testsuite> <!-- Internet Banking App Test on Chrome -->
