<?xml version="1.0" encoding="UTF-8"?>
<testng-results skipped="0" failed="0" ignored="0" total="3" passed="3">
  <reporter-output>
  </reporter-output>
  <suite name="inetBankingSuite" duration-ms="29619" started-at="2019-02-21T17:28:25Z" finished-at="2019-02-21T17:28:54Z">
    <groups>
    </groups>
    <test name="Internet Banking App Test on Chrome" duration-ms="29619" started-at="2019-02-21T17:28:25Z" finished-at="2019-02-21T17:28:54Z">
      <class name="com.inetBanking.testCases.TC_001_LoginTest">
        <test-method status="PASS" signature="setup(java.lang.String)[pri:0, instance:com.inetBanking.testCases.TC_001_LoginTest@243c4f91]" name="setup" is-config="true" duration-ms="9678" started-at="2019-02-21T17:28:25Z" finished-at="2019-02-21T17:28:35Z">
          <params>
            <param index="0">
              <value>
                <![CDATA[chrome]]>
              </value>
            </param>
          </params>
          <reporter-output>
          </reporter-output>
        </test-method> <!-- setup -->
        <test-method status="PASS" signature="test_001_Login()[pri:0, instance:com.inetBanking.testCases.TC_001_LoginTest@243c4f91]" name="test_001_Login" duration-ms="3776" started-at="2019-02-21T17:28:35Z" finished-at="2019-02-21T17:28:38Z">
          <reporter-output>
          </reporter-output>
        </test-method> <!-- test_001_Login -->
        <test-method status="PASS" signature="test_002_SecondLogin()[pri:0, instance:com.inetBanking.testCases.TC_001_LoginTest@243c4f91]" name="test_002_SecondLogin" duration-ms="2661" started-at="2019-02-21T17:28:38Z" finished-at="2019-02-21T17:28:41Z">
          <reporter-output>
          </reporter-output>
        </test-method> <!-- test_002_SecondLogin -->
        <test-method status="PASS" signature="tearDown()[pri:0, instance:com.inetBanking.testCases.TC_001_LoginTest@243c4f91]" name="tearDown" is-config="true" duration-ms="812" started-at="2019-02-21T17:28:41Z" finished-at="2019-02-21T17:28:42Z">
          <reporter-output>
          </reporter-output>
        </test-method> <!-- tearDown -->
      </class> <!-- com.inetBanking.testCases.TC_001_LoginTest -->
      <class name="com.inetBanking.testCases.TC_003_AddCustomerTest">
        <test-method status="PASS" signature="setup(java.lang.String)[pri:0, instance:com.inetBanking.testCases.TC_003_AddCustomerTest@291ae]" name="setup" is-config="true" duration-ms="7411" started-at="2019-02-21T17:28:42Z" finished-at="2019-02-21T17:28:49Z">
          <params>
            <param index="0">
              <value>
                <![CDATA[chrome]]>
              </value>
            </param>
          </params>
          <reporter-output>
          </reporter-output>
        </test-method> <!-- setup -->
        <test-method status="PASS" signature="addCustomerTest()[pri:0, instance:com.inetBanking.testCases.TC_003_AddCustomerTest@291ae]" name="addCustomerTest" duration-ms="4406" started-at="2019-02-21T17:28:49Z" finished-at="2019-02-21T17:28:54Z">
          <reporter-output>
          </reporter-output>
        </test-method> <!-- addCustomerTest -->
        <test-method status="PASS" signature="tearDown()[pri:0, instance:com.inetBanking.testCases.TC_003_AddCustomerTest@291ae]" name="tearDown" is-config="true" duration-ms="752" started-at="2019-02-21T17:28:54Z" finished-at="2019-02-21T17:28:54Z">
          <reporter-output>
          </reporter-output>
        </test-method> <!-- tearDown -->
      </class> <!-- com.inetBanking.testCases.TC_003_AddCustomerTest -->
    </test> <!-- Internet Banking App Test on Chrome -->
  </suite> <!-- inetBankingSuite -->
</testng-results>
