<?xml version="1.0" encoding="UTF-8"?>
<testsuite xmlns:xsi="http://www.w3.org/2001/XMLSchema-instance" xsi:schemaLocation="https://maven.apache.org/surefire/maven-surefire-plugin/xsd/surefire-test-report.xsd" name="TestSuite" time="39.645" tests="3" errors="0" skipped="0" failures="0">
  <properties>
[...]
</properties>
  <testcase name="test_001_Login" classname="com.inetBanking.testCases.TC_001_LoginTest" time="4.784"/>
  <testcase name="test_002_SecondLogin" classname="com.inetBanking.testCases.TC_001_LoginTest" time="4.691"/>
  <testcase name="addCustomerTest" classname="com.inetBanking.testCases.TC_003_AddCustomerTest" time="8.631"/>
</testsuite>