<?xml version="1.0" encoding="UTF-8"?>
<!-- Generated by org.testng.reporters.JUnitXMLReporter -->
<testsuite hostname="MSI-PC" ignored="0" name="Internet Banking App Test on Chrome" tests="3" failures="0" timestamp="22 Feb 2019 23:36:16 GMT" time="31.952" errors="0">
  <testcase name="test_001_Login" time="4.899" classname="com.inetBanking.testCases.TC_001_LoginTest"/>
  <testcase name="test_002_SecondLogin" time="2.383" classname="com.inetBanking.testCases.TC_001_LoginTest"/>
  <testcase name="addCustomerTest" time="5.941" classname="com.inetBanking.testCases.TC_003_AddCustomerTest"/>
</testsuite> <!-- Internet Banking App Test on Chrome -->
