<?xml version="1.0" encoding="UTF-8"?>
<testng-results skipped="0" failed="0" ignored="0" total="4" passed="4">
  <reporter-output>
  </reporter-output>
  <suite name="inetBankingSuite" duration-ms="71855" started-at="2019-02-23T22:25:29Z" finished-at="2019-02-23T22:26:41Z">
    <groups>
    </groups>
    <test name="Internet Banking App Test on Chrome" duration-ms="71855" started-at="2019-02-23T22:25:29Z" finished-at="2019-02-23T22:26:41Z">
      <class name="com.inetBanking.testCases.TC_004_AddCustomerDDT">
        <test-method status="PASS" signature="setup(java.lang.String)[pri:0, instance:com.inetBanking.testCases.TC_004_AddCustomerDDT@128d2484]" name="setup" is-config="true" duration-ms="8377" started-at="2019-02-23T22:26:09Z" finished-at="2019-02-23T22:26:17Z">
          <params>
            <param index="0">
              <value>
                <![CDATA[chrome]]>
              </value>
            </param>
          </params>
          <reporter-output>
          </reporter-output>
        </test-method> <!-- setup -->
        <test-method status="PASS" signature="addCustomerTest()[pri:0, instance:com.inetBanking.testCases.TC_004_AddCustomerDDT@128d2484]" name="addCustomerTest" duration-ms="22486" started-at="2019-02-23T22:26:17Z" finished-at="2019-02-23T22:26:40Z">
          <reporter-output>
          </reporter-output>
        </test-method> <!-- addCustomerTest -->
        <test-method status="PASS" signature="tearDown()[pri:0, instance:com.inetBanking.testCases.TC_004_AddCustomerDDT@128d2484]" name="tearDown" is-config="true" duration-ms="901" started-at="2019-02-23T22:26:40Z" finished-at="2019-02-23T22:26:41Z">
          <reporter-output>
          </reporter-output>
        </test-method> <!-- tearDown -->
      </class> <!-- com.inetBanking.testCases.TC_004_AddCustomerDDT -->
      <class name="com.inetBanking.testCases.TC_001_LoginTest">
        <test-method status="PASS" signature="setup(java.lang.String)[pri:0, instance:com.inetBanking.testCases.TC_001_LoginTest@6f1de4c7]" name="setup" is-config="true" duration-ms="11365" started-at="2019-02-23T22:25:29Z" finished-at="2019-02-23T22:25:40Z">
          <params>
            <param index="0">
              <value>
                <![CDATA[chrome]]>
              </value>
            </param>
          </params>
          <reporter-output>
          </reporter-output>
        </test-method> <!-- setup -->
        <test-method status="PASS" signature="test_001_Login()[pri:0, instance:com.inetBanking.testCases.TC_001_LoginTest@6f1de4c7]" name="test_001_Login" duration-ms="7870" started-at="2019-02-23T22:25:40Z" finished-at="2019-02-23T22:25:48Z">
          <reporter-output>
          </reporter-output>
        </test-method> <!-- test_001_Login -->
        <test-method status="PASS" signature="test_002_SecondLogin()[pri:0, instance:com.inetBanking.testCases.TC_001_LoginTest@6f1de4c7]" name="test_002_SecondLogin" duration-ms="1384" started-at="2019-02-23T22:25:49Z" finished-at="2019-02-23T22:25:50Z">
          <reporter-output>
          </reporter-output>
        </test-method> <!-- test_002_SecondLogin -->
        <test-method status="PASS" signature="tearDown()[pri:0, instance:com.inetBanking.testCases.TC_001_LoginTest@6f1de4c7]" name="tearDown" is-config="true" duration-ms="881" started-at="2019-02-23T22:25:50Z" finished-at="2019-02-23T22:25:51Z">
          <reporter-output>
          </reporter-output>
        </test-method> <!-- tearDown -->
      </class> <!-- com.inetBanking.testCases.TC_001_LoginTest -->
      <class name="com.inetBanking.testCases.TC_003_AddCustomerTest">
        <test-method status="PASS" signature="setup(java.lang.String)[pri:0, instance:com.inetBanking.testCases.TC_003_AddCustomerTest@459e9125]" name="setup" is-config="true" duration-ms="8925" started-at="2019-02-23T22:25:51Z" finished-at="2019-02-23T22:26:00Z">
          <params>
            <param index="0">
              <value>
                <![CDATA[chrome]]>
              </value>
            </param>
          </params>
          <reporter-output>
          </reporter-output>
        </test-method> <!-- setup -->
        <test-method status="PASS" signature="addCustomerTest()[pri:0, instance:com.inetBanking.testCases.TC_003_AddCustomerTest@459e9125]" name="addCustomerTest" duration-ms="8409" started-at="2019-02-23T22:26:00Z" finished-at="2019-02-23T22:26:08Z">
          <reporter-output>
          </reporter-output>
        </test-method> <!-- addCustomerTest -->
        <test-method status="PASS" signature="tearDown()[pri:0, instance:com.inetBanking.testCases.TC_003_AddCustomerTest@459e9125]" name="tearDown" is-config="true" duration-ms="819" started-at="2019-02-23T22:26:08Z" finished-at="2019-02-23T22:26:09Z">
          <reporter-output>
          </reporter-output>
        </test-method> <!-- tearDown -->
      </class> <!-- com.inetBanking.testCases.TC_003_AddCustomerTest -->
    </test> <!-- Internet Banking App Test on Chrome -->
  </suite> <!-- inetBankingSuite -->
</testng-results>
