<?xml version="1.0" encoding="UTF-8"?>
<testng-results skipped="0" failed="0" ignored="0" total="4" passed="4">
  <reporter-output>
  </reporter-output>
  <suite name="inetBankingSuite" duration-ms="33537" started-at="2019-02-25T19:59:16Z" finished-at="2019-02-25T19:59:50Z">
    <groups>
    </groups>
    <test name="Internet Banking App Test on Chrome" duration-ms="33537" started-at="2019-02-25T19:59:16Z" finished-at="2019-02-25T19:59:50Z">
      <class name="com.inetBanking.testCases.TC_004_AddCustomerDDT">
        <test-method status="PASS" signature="setup(java.lang.String)[pri:0, instance:com.inetBanking.testCases.TC_004_AddCustomerDDT@128d2484]" name="setup" is-config="true" duration-ms="5240" started-at="2019-02-25T19:59:34Z" finished-at="2019-02-25T19:59:40Z">
          <params>
            <param index="0">
              <value>
                <![CDATA[chrome]]>
              </value>
            </param>
          </params>
          <reporter-output>
          </reporter-output>
        </test-method> <!-- setup -->
        <test-method status="PASS" signature="addCustomerDDT()[pri:0, instance:com.inetBanking.testCases.TC_004_AddCustomerDDT@128d2484]" name="addCustomerDDT" duration-ms="9176" started-at="2019-02-25T19:59:40Z" finished-at="2019-02-25T19:59:49Z">
          <reporter-output>
          </reporter-output>
        </test-method> <!-- addCustomerDDT -->
        <test-method status="PASS" signature="tearDown()[pri:0, instance:com.inetBanking.testCases.TC_004_AddCustomerDDT@128d2484]" name="tearDown" is-config="true" duration-ms="859" started-at="2019-02-25T19:59:49Z" finished-at="2019-02-25T19:59:50Z">
          <reporter-output>
          </reporter-output>
        </test-method> <!-- tearDown -->
      </class> <!-- com.inetBanking.testCases.TC_004_AddCustomerDDT -->
      <class name="com.inetBanking.testCases.TC_001_LoginTest">
        <test-method status="PASS" signature="setup(java.lang.String)[pri:0, instance:com.inetBanking.testCases.TC_001_LoginTest@6f1de4c7]" name="setup" is-config="true" duration-ms="5769" started-at="2019-02-25T19:59:16Z" finished-at="2019-02-25T19:59:22Z">
          <params>
            <param index="0">
              <value>
                <![CDATA[chrome]]>
              </value>
            </param>
          </params>
          <reporter-output>
          </reporter-output>
        </test-method> <!-- setup -->
        <test-method status="PASS" signature="test_001_Login()[pri:0, instance:com.inetBanking.testCases.TC_001_LoginTest@6f1de4c7]" name="test_001_Login" duration-ms="1585" started-at="2019-02-25T19:59:22Z" finished-at="2019-02-25T19:59:24Z">
          <reporter-output>
          </reporter-output>
        </test-method> <!-- test_001_Login -->
        <test-method status="PASS" signature="test_002_SecondLogin()[pri:0, instance:com.inetBanking.testCases.TC_001_LoginTest@6f1de4c7]" name="test_002_SecondLogin" duration-ms="1327" started-at="2019-02-25T19:59:24Z" finished-at="2019-02-25T19:59:25Z">
          <reporter-output>
          </reporter-output>
        </test-method> <!-- test_002_SecondLogin -->
        <test-method status="PASS" signature="tearDown()[pri:0, instance:com.inetBanking.testCases.TC_001_LoginTest@6f1de4c7]" name="tearDown" is-config="true" duration-ms="790" started-at="2019-02-25T19:59:25Z" finished-at="2019-02-25T19:59:26Z">
          <reporter-output>
          </reporter-output>
        </test-method> <!-- tearDown -->
      </class> <!-- com.inetBanking.testCases.TC_001_LoginTest -->
      <class name="com.inetBanking.testCases.TC_003_AddCustomerTest">
        <test-method status="PASS" signature="setup(java.lang.String)[pri:0, instance:com.inetBanking.testCases.TC_003_AddCustomerTest@459e9125]" name="setup" is-config="true" duration-ms="4887" started-at="2019-02-25T19:59:26Z" finished-at="2019-02-25T19:59:31Z">
          <params>
            <param index="0">
              <value>
                <![CDATA[chrome]]>
              </value>
            </param>
          </params>
          <reporter-output>
          </reporter-output>
        </test-method> <!-- setup -->
        <test-method status="PASS" signature="addCustomerTest()[pri:0, instance:com.inetBanking.testCases.TC_003_AddCustomerTest@459e9125]" name="addCustomerTest" duration-ms="2948" started-at="2019-02-25T19:59:31Z" finished-at="2019-02-25T19:59:34Z">
          <reporter-output>
          </reporter-output>
        </test-method> <!-- addCustomerTest -->
        <test-method status="PASS" signature="tearDown()[pri:0, instance:com.inetBanking.testCases.TC_003_AddCustomerTest@459e9125]" name="tearDown" is-config="true" duration-ms="826" started-at="2019-02-25T19:59:34Z" finished-at="2019-02-25T19:59:34Z">
          <reporter-output>
          </reporter-output>
        </test-method> <!-- tearDown -->
      </class> <!-- com.inetBanking.testCases.TC_003_AddCustomerTest -->
    </test> <!-- Internet Banking App Test on Chrome -->
  </suite> <!-- inetBankingSuite -->
</testng-results>
